==== Cycle 1 ====

The class '[Class] c1.a.a' was removed because the Java base type 'kotlin.coroutines.jvm.internal.SuspendLambda' could not be found.
The method '[Method] com.payment.paymentsdk.sharedclasses.interfaces.CallbackPaymentInterface access$getMCallback$cp()' was removed because its name contains a dollar sign.
The method '[Method] void access$setMCallback$cp(com.payment.paymentsdk.sharedclasses.interfaces.CallbackPaymentInterface p0)' was removed because its name contains a dollar sign.
The method '[Method] com.payment.paymentsdk.sharedclasses.interfaces.CallbackPaymentInterface getMCallback$paymentsdk_release()' was removed because its name contains a dollar sign.
The method '[Method] void setMCallback$paymentsdk_release(com.payment.paymentsdk.sharedclasses.interfaces.CallbackPaymentInterface p0)' was removed because its name contains a dollar sign.
The method '[Method] void getMCallback$paymentsdk_release$annotations()' was removed because its name contains a dollar sign.
The method '[Method] com.payment.paymentsdk.sharedclasses.interfaces.CallbackPaymentInterface getMCallback$paymentsdk_release()' was removed because its name contains a dollar sign.
The method '[Method] void setMCallback$paymentsdk_release(com.payment.paymentsdk.sharedclasses.interfaces.CallbackPaymentInterface p0)' was removed because its name contains a dollar sign.
The method '[Method] com.payment.paymentsdk.PaymentSdkConfigBuilder setTokenise$default(com.payment.paymentsdk.PaymentSdkConfigBuilder p0, com.payment.paymentsdk.integrationmodels.PaymentSdkTokenise p1, com.payment.paymentsdk.integrationmodels.PaymentSdkTokenFormat p2, int p3, java.lang.Object p4)' was removed because its name contains a dollar sign.
The method '[Method] com.payment.paymentsdk.integrationmodels.PaymentSdkBillingDetails copy$default(com.payment.paymentsdk.integrationmodels.PaymentSdkBillingDetails p0, java.lang.String p1, java.lang.String p2, java.lang.String p3, java.lang.String p4, java.lang.String p5, java.lang.String p6, java.lang.String p7, java.lang.String p8, int p9, java.lang.Object p10)' was removed because its name contains a dollar sign.
The method '[Method] boolean component29$paymentsdk_release()' was removed because its name contains a dollar sign.
The method '[Method] boolean component30$paymentsdk_release()' was removed because its name contains a dollar sign.
The method '[Method] com.payment.paymentsdk.save_cards.entities.PaymentSDKSavedCardInfo component31$paymentsdk_release()' was removed because its name contains a dollar sign.
The method '[Method] com.payment.paymentsdk.integrationmodels.PaymentSdkConfigurationDetails copy$default(com.payment.paymentsdk.integrationmodels.PaymentSdkConfigurationDetails p0, java.lang.String p1, java.lang.String p2, java.lang.String p3, com.payment.paymentsdk.integrationmodels.PaymentSdkBillingDetails p4, com.payment.paymentsdk.integrationmodels.PaymentSdkShippingDetails p5, com.payment.paymentsdk.integrationmodels.PaymentSdkLanguageCode p6, java.lang.String p7, java.lang.String p8, java.lang.String p9, java.lang.String p10, java.lang.String p11, java.lang.Double p12, java.lang.String p13, java.lang.String p14, com.payment.paymentsdk.integrationmodels.PaymentSdkTokenise p15, java.lang.String p16, java.lang.String p17, java.lang.String p18, android.graphics.Bitmap p19, java.lang.String p20, java.lang.Boolean p21, java.lang.Boolean p22, java.lang.Boolean p23, java.lang.String p24, boolean p25, java.util.List p26, java.lang.Boolean p27, java.lang.String p28, boolean p29, boolean p30, com.payment.paymentsdk.save_cards.entities.PaymentSDKSavedCardInfo p31, int p32, java.lang.Object p33)' was removed because its name contains a dollar sign.
The method '[Method] boolean getRequest3DS$paymentsdk_release()' was removed because its name contains a dollar sign.
The method '[Method] com.payment.paymentsdk.save_cards.entities.PaymentSDKSavedCardInfo getSavedCardInfo$paymentsdk_release()' was removed because its name contains a dollar sign.
The method '[Method] boolean getShowSaveCardsUI$paymentsdk_release()' was removed because its name contains a dollar sign.
The method '[Method] com.payment.paymentsdk.integrationmodels.PaymentSdkError copy$default(com.payment.paymentsdk.integrationmodels.PaymentSdkError p0, java.lang.Integer p1, java.lang.String p2, int p3, java.lang.Object p4)' was removed because its name contains a dollar sign.
The method '[Method] com.payment.paymentsdk.integrationmodels.PaymentSdkPaymentInfo copy$default(com.payment.paymentsdk.integrationmodels.PaymentSdkPaymentInfo p0, java.lang.String p1, java.lang.String p2, java.lang.String p3, int p4, java.lang.Object p5)' was removed because its name contains a dollar sign.
The method '[Method] com.payment.paymentsdk.integrationmodels.PaymentSdkPaymentResult copy$default(com.payment.paymentsdk.integrationmodels.PaymentSdkPaymentResult p0, java.lang.String p1, java.lang.String p2, java.lang.String p3, java.lang.String p4, int p5, java.lang.Object p6)' was removed because its name contains a dollar sign.
The method '[Method] com.payment.paymentsdk.integrationmodels.PaymentSdkTransactionDetails copy$default(com.payment.paymentsdk.integrationmodels.PaymentSdkTransactionDetails p0, java.lang.String p1, java.lang.String p2, java.lang.String p3, java.lang.String p4, java.lang.String p5, java.lang.String p6, java.lang.String p7, com.payment.paymentsdk.integrationmodels.PaymentSdkPaymentResult p8, com.payment.paymentsdk.integrationmodels.PaymentSdkPaymentInfo p9, java.lang.String p10, java.lang.String p11, java.lang.String p12, java.lang.String p13, com.payment.paymentsdk.integrationmodels.PaymentSdkBillingDetails p14, com.payment.paymentsdk.integrationmodels.PaymentSdkShippingDetails p15, java.lang.Boolean p16, java.lang.Boolean p17, java.lang.Boolean p18, java.lang.Boolean p19, java.lang.Boolean p20, int p21, java.lang.Object p22)' was removed because its name contains a dollar sign.
The method '[Method] v0.a customerDetails$default(com.payment.paymentsdk.integrationmodels.PaymentSdkBillingDetails p0, java.lang.String p1, java.lang.String p2, int p3, java.lang.Object p4)' was removed because its name contains a dollar sign.
The field 'Java.Interop.Tools.JavaTypeSystem.Models.JavaFieldModel' was removed because its name contains a dollar sign.
The method '[Method] com.payment.paymentsdk.save_cards.entities.PaymentSDKSavedCardInfo copy$default(com.payment.paymentsdk.save_cards.entities.PaymentSDKSavedCardInfo p0, java.lang.String p1, java.lang.String p2, int p3, java.lang.Object p4)' was removed because its name contains a dollar sign.
The method '[Method] com.payment.paymentsdk.sharedclasses.model.response.ErrorResponseBody copy$default(com.payment.paymentsdk.sharedclasses.model.response.ErrorResponseBody p0, java.lang.String p1, java.lang.String p2, int p3, java.lang.Object p4)' was removed because its name contains a dollar sign.
The method '[Method] com.payment.paymentsdk.sharedclasses.model.response.PaymentInfo copy$default(com.payment.paymentsdk.sharedclasses.model.response.PaymentInfo p0, java.lang.String p1, java.lang.String p2, java.lang.String p3, int p4, java.lang.Object p5)' was removed because its name contains a dollar sign.
The method '[Method] com.payment.paymentsdk.sharedclasses.model.response.PaymentResult copy$default(com.payment.paymentsdk.sharedclasses.model.response.PaymentResult p0, java.lang.String p1, java.lang.String p2, java.lang.String p3, java.lang.String p4, int p5, java.lang.Object p6)' was removed because its name contains a dollar sign.
The method '[Method] com.payment.paymentsdk.sharedclasses.model.response.TransactionResponseBody copy$default(com.payment.paymentsdk.sharedclasses.model.response.TransactionResponseBody p0, java.lang.String p1, java.lang.String p2, java.lang.String p3, java.lang.String p4, java.lang.String p5, java.lang.String p6, v0.a p7, com.payment.paymentsdk.sharedclasses.model.response.PaymentInfo p8, com.payment.paymentsdk.sharedclasses.model.response.PaymentResult p9, java.lang.String p10, java.lang.String p11, v0.c p12, java.lang.String p13, java.lang.String p14, java.lang.String p15, int p16, java.lang.Object p17)' was removed because its name contains a dollar sign.
The class '[Class] d.a.a' was removed because the Java base type 'kotlin.coroutines.jvm.internal.SuspendLambda' could not be found.
The class '[Class] i.c.b' was removed because the Java base type 'kotlin.coroutines.jvm.internal.SuspendLambda' could not be found.
The class '[Class] i0.a.a' was removed because the Java base type 'kotlin.coroutines.jvm.internal.SuspendLambda' could not be found.
The class '[Class] n.a.a' was removed because the Java base type 'kotlin.coroutines.jvm.internal.SuspendLambda' could not be found.
The class '[Class] p0.b.a' was removed because the Java base type 'kotlin.coroutines.jvm.internal.ContinuationImpl' could not be found.
The class '[Class] q.a.a' was removed because the Java base type 'kotlin.coroutines.jvm.internal.ContinuationImpl' could not be found.
The class '[Class] u.a.a' was removed because the Java base type 'kotlin.coroutines.jvm.internal.SuspendLambda' could not be found.
The class '[Class] w.a' was removed because the Java implemented interface type 'androidx.viewbinding.ViewBinding' could not be found.

==== Cycle 2 ====

The constructor 'Constructor: m0.a.a.a.a' was removed because the Java parameter type 'w.a' could not be found.

